2021-04-20 10:14:06.491 [main] INFO  com.inspur.nscs.demo.DemoApplication - The following profiles are active: dev
2021-04-20 10:14:09.269 [main] INFO  org.springframework.data.repository.config.RepositoryConfigurationDelegate - Multiple Spring Data modules found, entering strict repository configuration mode!
2021-04-20 10:14:09.272 [main] INFO  org.springframework.data.repository.config.RepositoryConfigurationDelegate - Bootstrapping Spring Data Redis repositories in DEFAULT mode.
2021-04-20 10:14:09.435 [main] INFO  org.springframework.data.repository.config.RepositoryConfigurationDelegate - Finished Spring Data repository scanning in 69ms. Found 0 Redis repository interfaces.
2021-04-20 10:14:09.978 [main] INFO  org.springframework.cloud.context.scope.GenericScope - BeanFactory id=023af4d2-bc4e-3de0-b7a8-cbdd72b7f7ef
2021-04-20 10:14:10.288 [main] INFO  org.springframework.context.support.PostProcessorRegistrationDelegate$BeanPostProcessorChecker - Bean 'redisCacheConfig' of type [com.inspur.icloudframework.common.config.RedisCacheConfig$$EnhancerBySpringCGLIB$$a1f58080] is not eligible for getting processed by all BeanPostProcessors (for example: not eligible for auto-proxying)
2021-04-20 10:14:11.432 [main] INFO  org.springframework.boot.web.embedded.tomcat.TomcatWebServer - Tomcat initialized with port(s): 8001 (http)
2021-04-20 10:14:11.473 [main] INFO  org.apache.coyote.http11.Http11NioProtocol - Initializing ProtocolHandler ["http-nio-8001"]
2021-04-20 10:14:11.473 [main] INFO  org.apache.catalina.core.StandardService - Starting service [Tomcat]
2021-04-20 10:14:11.474 [main] INFO  org.apache.catalina.core.StandardEngine - Starting Servlet engine: [Apache Tomcat/9.0.31]
2021-04-20 10:14:11.626 [main] INFO  org.apache.catalina.core.ContainerBase.[Tomcat].[localhost].[/] - Initializing Spring embedded WebApplicationContext
2021-04-20 10:14:11.627 [main] INFO  org.springframework.web.context.ContextLoader - Root WebApplicationContext: initialization completed in 5096 ms
2021-04-20 10:14:16.904 [main] INFO  com.netflix.config.sources.URLConfigurationSource - To enable URLs as dynamic configuration sources, define System property archaius.configurationSource.additionalUrls or make config.properties available on classpath.
2021-04-20 10:14:16.925 [main] INFO  com.netflix.config.sources.URLConfigurationSource - To enable URLs as dynamic configuration sources, define System property archaius.configurationSource.additionalUrls or make config.properties available on classpath.
2021-04-20 10:14:17.345 [main] INFO  org.springframework.scheduling.concurrent.ThreadPoolTaskExecutor - Initializing ExecutorService 'applicationTaskExecutor'
2021-04-20 10:14:17.575 [main] INFO  org.springframework.scheduling.concurrent.ThreadPoolTaskScheduler - Initializing ExecutorService 'Nacso-Watch-Task-Scheduler'
2021-04-20 10:14:17.832 [main] INFO  com.inspur.nscs.common.datasource.DynamicDataSource - 数据源为null
2021-04-20 10:14:17.837 [main] INFO  com.inspur.nscs.common.datasource.DynamicDataSource - 数据源为null
2021-04-20 10:14:18.889 [main] INFO  org.springframework.boot.actuate.endpoint.web.EndpointLinksResolver - Exposing 2 endpoint(s) beneath base path '/actuator'
2021-04-20 10:14:19.032 [main] INFO  org.apache.coyote.http11.Http11NioProtocol - Starting ProtocolHandler ["http-nio-8001"]
2021-04-20 10:14:19.066 [main] INFO  org.springframework.boot.web.embedded.tomcat.TomcatWebServer - Tomcat started on port(s): 8001 (http) with context path ''
2021-04-20 10:14:43.254 [main] INFO  org.apache.coyote.http11.Http11NioProtocol - Pausing ProtocolHandler ["http-nio-8001"]
2021-04-20 10:14:43.754 [main] INFO  org.apache.catalina.core.StandardService - Stopping service [Tomcat]
2021-04-20 10:14:43.866 [main] INFO  org.apache.coyote.http11.Http11NioProtocol - Stopping ProtocolHandler ["http-nio-8001"]
2021-04-20 10:14:43.870 [main] INFO  org.apache.coyote.http11.Http11NioProtocol - Destroying ProtocolHandler ["http-nio-8001"]
2021-04-20 10:14:43.873 [main] INFO  org.springframework.boot.autoconfigure.logging.ConditionEvaluationReportLoggingListener - 

Error starting ApplicationContext. To display the conditions report re-run your application with 'debug' enabled.
2021-04-20 10:14:43.874 [main] INFO  org.springframework.scheduling.concurrent.ThreadPoolTaskScheduler - Shutting down ExecutorService 'Nacso-Watch-Task-Scheduler'
2021-04-20 10:14:43.876 [main] INFO  org.springframework.scheduling.concurrent.ThreadPoolTaskExecutor - Shutting down ExecutorService 'applicationTaskExecutor'
